# JRE version: OpenJDK Runtime Environment Temurin-21.0.12.1+1 (21.0.12.1+1) (build 21.0.12.1+1-LTS)
# Java VM: OpenJDK 64-Bit Server VM Temurin-21.0.12.1+1 (21.0.12.1+1-LTS, mixed mode, sharing, tiered, compressed oops, compressed class ptrs, parallel gc, windows-amd64)
GC Precious Log:
 CardTable entry size: 512
 CPUs: 4 total, 4 available
 Memory: 8078M
 Large Page Support: Disabled
 NUMA Support: Disabled
 Compressed Oops: Enabled (Zero based)
 Alignments: Space 512K, Generation 512K, Heap 2M
 Heap Min Capacity: 100M
 Heap Initial Capacity: 100M
 Heap Max Capacity: 4G
 Pre-touch: Disabled
 Parallel Workers: 4
Heap:
 PSYoungGen      total 20992K, used 4915K [0x00000007aab00000, 0x00000007ac480000, 0x0000000800000000)
  eden space 20480K, 24% used [0x00000007aab00000,0x00000007aafcccf0,0x00000007abf00000)
  from space 512K, 0% used [0x00000007abf00000,0x00000007abf00000,0x00000007abf80000)
  to   space 512K, 0% used [0x00000007ac400000,0x00000007ac400000,0x00000007ac480000)
 ParOldGen       total 2796544K, used 40634K [0x0000000700000000, 0x00000007aab00000, 0x00000007aab00000)
  object space 2796544K, 1% used [0x0000000700000000,0x00000007027ae820,0x00000007aab00000)
 Metaspace       used 68325K, committed 69824K, reserved 1114112K
  class space    used 7246K, committed 7872K, reserved 1048576K
GC Heap History (20 events):
Event: 97.070 GC heap before
{Heap before GC invocations=37 (full 3):
 PSYoungGen      total 22016K, used 19760K [0x00000007aab00000, 0x00000007ac380000, 0x0000000800000000)
  eden space 18944K, 100% used [0x00000007aab00000,0x00000007abd80000,0x00000007abd80000)
  from space 3072K, 26% used [0x00000007abe80000,0x00000007abf4c0f0,0x00000007ac180000)
  to   space 1536K, 0% used [0x00000007ac200000,0x00000007ac200000,0x00000007ac380000)
 ParOldGen       total 68608K, used 48405K [0x0000000700000000, 0x0000000704300000, 0x00000007aab00000)
  object space 68608K, 70% used [0x0000000700000000,0x0000000702f45728,0x0000000704300000)
 Metaspace       used 63150K, committed 64512K, reserved 1114112K
  class space    used 6726K, committed 7296K, reserved 1048576K
}
Event: 97.077 GC heap after
{Heap after GC invocations=37 (full 3):
 PSYoungGen      total 19456K, used 1523K [0x00000007aab00000, 0x00000007ac880000, 0x0000000800000000)
  eden space 17920K, 0% used [0x00000007aab00000,0x00000007aab00000,0x00000007abc80000)
  from space 1536K, 99% used [0x00000007ac200000,0x00000007ac37ce90,0x00000007ac380000)
  to   space 5632K, 0% used [0x00000007abc80000,0x00000007abc80000,0x00000007ac200000)
 ParOldGen       total 68608K, used 51477K [0x0000000700000000, 0x0000000704300000, 0x00000007aab00000)
  object space 68608K, 75% used [0x0000000700000000,0x0000000703245728,0x0000000704300000)
 Metaspace       used 63150K, committed 64512K, reserved 1114112K
  class space    used 6726K, committed 7296K, reserved 1048576K
}
Event: 100.030 GC heap before
{Heap before GC invocations=38 (full 3):
 PSYoungGen      total 19456K, used 19443K [0x00000007aab00000, 0x00000007ac880000, 0x0000000800000000)
  eden space 17920K, 99% used [0x00000007aab00000,0x00000007abc7ffd8,0x00000007abc80000)
  from space 1536K, 99% used [0x00000007ac200000,0x00000007ac37ce90,0x00000007ac380000)
  to   space 5632K, 0% used [0x00000007abc80000,0x00000007abc80000,0x00000007ac200000)
 ParOldGen       total 68608K, used 51477K [0x0000000700000000, 0x0000000704300000, 0x00000007aab00000)
  object space 68608K, 75% used [0x0000000700000000,0x0000000703245728,0x0000000704300000)
 Metaspace       used 64947K, committed 66432K, reserved 1114112K
  class space    used 6998K, committed 7616K, reserved 1048576K
}
Event: 100.034 GC heap after
{Heap after GC invocations=38 (full 3):
 PSYoungGen      total 18944K, used 990K [0x00000007aab00000, 0x00000007ac280000, 0x0000000800000000)
  eden space 17920K, 0% used [0x00000007aab00000,0x00000007aab00000,0x00000007abc80000)
  from space 1024K, 96% used [0x00000007abc80000,0x00000007abd779a8,0x00000007abd80000)
  to   space 2560K, 0% used [0x00000007ac000000,0x00000007ac000000,0x00000007ac280000)
 ParOldGen       total 68608K, used 51730K [0x0000000700000000, 0x0000000704300000, 0x00000007aab00000)
  object space 68608K, 75% used [0x0000000700000000,0x0000000703284ba8,0x0000000704300000)
 Metaspace       used 64947K, committed 66432K, reserved 1114112K
  class space    used 6998K, committed 7616K, reserved 1048576K
}
Event: 101.969 GC heap before
{Heap before GC invocations=39 (full 3):
 PSYoungGen      total 18944K, used 18910K [0x00000007aab00000, 0x00000007ac280000, 0x0000000800000000)
  eden space 17920K, 100% used [0x00000007aab00000,0x00000007abc80000,0x00000007abc80000)
  from space 1024K, 96% used [0x00000007abc80000,0x00000007abd779a8,0x00000007abd80000)
  to   space 2560K, 0% used [0x00000007ac000000,0x00000007ac000000,0x00000007ac280000)
 ParOldGen       total 68608K, used 51730K [0x0000000700000000, 0x0000000704300000, 0x00000007aab00000)
  object space 68608K, 75% used [0x0000000700000000,0x0000000703284ba8,0x0000000704300000)
 Metaspace       used 65583K, committed 67008K, reserved 1114112K
  class space    used 7058K, committed 7680K, reserved 1048576K
}
Event: 101.972 GC heap after
{Heap after GC invocations=39 (full 3):
 PSYoungGen      total 18944K, used 896K [0x00000007aab00000, 0x00000007ac100000, 0x0000000800000000)
  eden space 17920K, 0% used [0x00000007aab00000,0x00000007aab00000,0x00000007abc80000)
  from space 1024K, 87% used [0x00000007ac000000,0x00000007ac0e0020,0x00000007ac100000)
  to   space 1536K, 0% used [0x00000007abe00000,0x00000007abe00000,0x00000007abf80000)
 ParOldGen       total 68608K, used 52547K [0x0000000700000000, 0x0000000704300000, 0x00000007aab00000)
  object space 68608K, 76% used [0x0000000700000000,0x0000000703350fa8,0x0000000704300000)
 Metaspace       used 65583K, committed 67008K, reserved 1114112K
  class space    used 7058K, committed 7680K, reserved 1048576K
}
Event: 123.542 GC heap before
{Heap before GC invocations=40 (full 3):
 PSYoungGen      total 18944K, used 18816K [0x00000007aab00000, 0x00000007ac100000, 0x0000000800000000)
  eden space 17920K, 100% used [0x00000007aab00000,0x00000007abc80000,0x00000007abc80000)
  from space 1024K, 87% used [0x00000007ac000000,0x00000007ac0e0020,0x00000007ac100000)
  to   space 1536K, 0% used [0x00000007abe00000,0x00000007abe00000,0x00000007abf80000)
 ParOldGen       total 68608K, used 52547K [0x0000000700000000, 0x0000000704300000, 0x00000007aab00000)
  object space 68608K, 76% used [0x0000000700000000,0x0000000703350fa8,0x0000000704300000)
 Metaspace       used 66388K, committed 67840K, reserved 1114112K
  class space    used 7132K, committed 7744K, reserved 1048576K
}
Event: 123.547 GC heap after
{Heap after GC invocations=40 (full 3):
 PSYoungGen      total 19456K, used 507K [0x00000007aab00000, 0x00000007ac080000, 0x0000000800000000)
  eden space 17920K, 0% used [0x00000007aab00000,0x00000007aab00000,0x00000007abc80000)
  from space 1536K, 33% used [0x00000007abe00000,0x00000007abe7eec8,0x00000007abf80000)
  to   space 1024K, 0% used [0x00000007abf80000,0x00000007abf80000,0x00000007ac080000)
 ParOldGen       total 68608K, used 53257K [0x0000000700000000, 0x0000000704300000, 0x00000007aab00000)
  object space 68608K, 77% used [0x0000000700000000,0x0000000703402458,0x0000000704300000)
 Metaspace       used 66388K, committed 67840K, reserved 1114112K
  class space    used 7132K, committed 7744K, reserved 1048576K
}
Event: 125.616 GC heap before
{Heap before GC invocations=41 (full 3):
 PSYoungGen      total 19456K, used 18427K [0x00000007aab00000, 0x00000007ac080000, 0x0000000800000000)
  eden space 17920K, 100% used [0x00000007aab00000,0x00000007abc80000,0x00000007abc80000)
  from space 1536K, 33% used [0x00000007abe00000,0x00000007abe7eec8,0x00000007abf80000)
  to   space 1024K, 0% used [0x00000007abf80000,0x00000007abf80000,0x00000007ac080000)
 ParOldGen       total 68608K, used 53257K [0x0000000700000000, 0x0000000704300000, 0x00000007aab00000)
  object space 68608K, 77% used [0x0000000700000000,0x0000000703402458,0x0000000704300000)
 Metaspace       used 68051K, committed 69504K, reserved 1114112K
  class space    used 7267K, committed 7872K, reserved 1048576K
}
Event: 125.620 GC heap after
{Heap after GC invocations=41 (full 3):
 PSYoungGen      total 18432K, used 432K [0x00000007aab00000, 0x00000007ac000000, 0x0000000800000000)
  eden space 17920K, 0% used [0x00000007aab00000,0x00000007aab00000,0x00000007abc80000)
  from space 512K, 84% used [0x00000007abf80000,0x00000007abfec010,0x00000007ac000000)
  to   space 512K, 0% used [0x00000007abf00000,0x00000007abf00000,0x00000007abf80000)
 ParOldGen       total 68608K, used 53464K [0x0000000700000000, 0x0000000704300000, 0x00000007aab00000)
  object space 68608K, 77% used [0x0000000700000000,0x00000007034363c8,0x0000000704300000)
 Metaspace       used 68051K, committed 69504K, reserved 1114112K
  class space    used 7267K, committed 7872K, reserved 1048576K
}
Event: 163.724 GC heap before
{Heap before GC invocations=42 (full 3):
 PSYoungGen      total 18432K, used 11579K [0x00000007aab00000, 0x00000007ac000000, 0x0000000800000000)
  eden space 17920K, 62% used [0x00000007aab00000,0x00000007ab5e2c70,0x00000007abc80000)
  from space 512K, 84% used [0x00000007abf80000,0x00000007abfec010,0x00000007ac000000)
  to   space 512K, 0% used [0x00000007abf00000,0x00000007abf00000,0x00000007abf80000)
 ParOldGen       total 2796544K, used 53464K [0x0000000700000000, 0x00000007aab00000, 0x00000007aab00000)
  object space 2796544K, 1% used [0x0000000700000000,0x00000007034363c8,0x00000007aab00000)
 Metaspace       used 68153K, committed 69632K, reserved 1114112K
  class space    used 7267K, committed 7872K, reserved 1048576K
}
Event: 163.725 GC heap after
{Heap after GC invocations=42 (full 3):
 PSYoungGen      total 18432K, used 128K [0x00000007aab00000, 0x00000007ac000000, 0x0000000800000000)
  eden space 17920K, 0% used [0x00000007aab00000,0x00000007aab00000,0x00000007abc80000)
  from space 512K, 25% used [0x00000007abf00000,0x00000007abf20000,0x00000007abf80000)
  to   space 512K, 0% used [0x00000007abf80000,0x00000007abf80000,0x00000007ac000000)
 ParOldGen       total 2796544K, used 53648K [0x0000000700000000, 0x00000007aab00000, 0x00000007aab00000)
  object space 2796544K, 1% used [0x0000000700000000,0x00000007034643c8,0x00000007aab00000)
 Metaspace       used 68153K, committed 69632K, reserved 1114112K
  class space    used 7267K, committed 7872K, reserved 1048576K
}
Event: 163.725 GC heap before
{Heap before GC invocations=43 (full 3):
 PSYoungGen      total 18432K, used 128K [0x00000007aab00000, 0x00000007ac000000, 0x0000000800000000)
  eden space 17920K, 0% used [0x00000007aab00000,0x00000007aab00000,0x00000007abc80000)
  from space 512K, 25% used [0x00000007abf00000,0x00000007abf20000,0x00000007abf80000)
  to   space 512K, 0% used [0x00000007abf80000,0x00000007abf80000,0x00000007ac000000)
 ParOldGen       total 2796544K, used 53648K [0x0000000700000000, 0x00000007aab00000, 0x00000007aab00000)
  object space 2796544K, 1% used [0x0000000700000000,0x00000007034643c8,0x00000007aab00000)
 Metaspace       used 68153K, committed 69632K, reserved 1114112K
  class space    used 7267K, committed 7872K, reserved 1048576K
}
Event: 163.725 GC heap after
{Heap after GC invocations=43 (full 3):
 PSYoungGen      total 20992K, used 0K [0x00000007aab00000, 0x00000007ac200000, 0x0000000800000000)
  eden space 20480K, 0% used [0x00000007aab00000,0x00000007aab00000,0x00000007abf00000)
  from space 512K, 0% used [0x00000007abf80000,0x00000007abf80000,0x00000007ac000000)
  to   space 512K, 0% used [0x00000007abf00000,0x00000007abf00000,0x00000007abf80000)
 ParOldGen       total 2796544K, used 53688K [0x0000000700000000, 0x00000007aab00000, 0x00000007aab00000)
  object space 2796544K, 1% used [0x0000000700000000,0x000000070346e3c8,0x00000007aab00000)
 Metaspace       used 68153K, committed 69632K, reserved 1114112K
  class space    used 7267K, committed 7872K, reserved 1048576K
}
Event: 163.725 GC heap before
{Heap before GC invocations=44 (full 4):
 PSYoungGen      total 20992K, used 0K [0x00000007aab00000, 0x00000007ac200000, 0x0000000800000000)
  eden space 20480K, 0% used [0x00000007aab00000,0x00000007aab00000,0x00000007abf00000)
  from space 512K, 0% used [0x00000007abf80000,0x00000007abf80000,0x00000007ac000000)
  to   space 512K, 0% used [0x00000007abf00000,0x00000007abf00000,0x00000007abf80000)
 ParOldGen       total 2796544K, used 53688K [0x0000000700000000, 0x00000007aab00000, 0x00000007aab00000)
  object space 2796544K, 1% used [0x0000000700000000,0x000000070346e3c8,0x00000007aab00000)
 Metaspace       used 68153K, committed 69632K, reserved 1114112K
  class space    used 7267K, committed 7872K, reserved 1048576K
}
Event: 163.880 GC heap after
{Heap after GC invocations=44 (full 4):
 PSYoungGen      total 20992K, used 0K [0x00000007aab00000, 0x00000007ac480000, 0x0000000800000000)
  eden space 20480K, 0% used [0x00000007aab00000,0x00000007aab00000,0x00000007abf00000)
  from space 512K, 0% used [0x00000007abf00000,0x00000007abf00000,0x00000007abf80000)
  to   space 512K, 0% used [0x00000007ac400000,0x00000007ac400000,0x00000007ac480000)
 ParOldGen       total 72192K, used 45654K [0x0000000700000000, 0x0000000704680000, 0x00000007aab00000)
  object space 72192K, 63% used [0x0000000700000000,0x0000000702c95b48,0x0000000704680000)
 Metaspace       used 68153K, committed 69632K, reserved 1114112K
  class space    used 7267K, committed 7872K, reserved 1048576K
}
Event: 163.890 GC heap before
{Heap before GC invocations=45 (full 4):
 PSYoungGen      total 20992K, used 0K [0x00000007aab00000, 0x00000007ac480000, 0x0000000800000000)
  eden space 20480K, 0% used [0x00000007aab00000,0x00000007aab00000,0x00000007abf00000)
  from space 512K, 0% used [0x00000007abf00000,0x00000007abf00000,0x00000007abf80000)
  to   space 512K, 0% used [0x00000007ac400000,0x00000007ac400000,0x00000007ac480000)
 ParOldGen       total 2796544K, used 45654K [0x0000000700000000, 0x00000007aab00000, 0x00000007aab00000)
  object space 2796544K, 1% used [0x0000000700000000,0x0000000702c95b48,0x00000007aab00000)
 Metaspace       used 68153K, committed 69632K, reserved 1114112K
  class space    used 7267K, committed 7872K, reserved 1048576K
}
Event: 163.891 GC heap after
{Heap after GC invocations=45 (full 4):
 PSYoungGen      total 20992K, used 0K [0x00000007aab00000, 0x00000007ac480000, 0x0000000800000000)
  eden space 20480K, 0% used [0x00000007aab00000,0x00000007aab00000,0x00000007abf00000)
  from space 512K, 0% used [0x00000007ac400000,0x00000007ac400000,0x00000007ac480000)
  to   space 512K, 0% used [0x00000007abf00000,0x00000007abf00000,0x00000007abf80000)
 ParOldGen       total 2796544K, used 45654K [0x0000000700000000, 0x00000007aab00000, 0x00000007aab00000)
  object space 2796544K, 1% used [0x0000000700000000,0x0000000702c95b48,0x00000007aab00000)
 Metaspace       used 68153K, committed 69632K, reserved 1114112K
  class space    used 7267K, committed 7872K, reserved 1048576K
}
Event: 163.891 GC heap before
{Heap before GC invocations=46 (full 5):
 PSYoungGen      total 20992K, used 0K [0x00000007aab00000, 0x00000007ac480000, 0x0000000800000000)
  eden space 20480K, 0% used [0x00000007aab00000,0x00000007aab00000,0x00000007abf00000)
  from space 512K, 0% used [0x00000007ac400000,0x00000007ac400000,0x00000007ac480000)
  to   space 512K, 0% used [0x00000007abf00000,0x00000007abf00000,0x00000007abf80000)
 ParOldGen       total 2796544K, used 45654K [0x0000000700000000, 0x00000007aab00000, 0x00000007aab00000)
  object space 2796544K, 1% used [0x0000000700000000,0x0000000702c95b48,0x00000007aab00000)
 Metaspace       used 68153K, committed 69632K, reserved 1114112K
  class space    used 7267K, committed 7872K, reserved 1048576K
}
Event: 164.079 GC heap after
{Heap after GC invocations=46 (full 5):
 PSYoungGen      total 20992K, used 0K [0x00000007aab00000, 0x00000007ac480000, 0x0000000800000000)
  eden space 20480K, 0% used [0x00000007aab00000,0x00000007aab00000,0x00000007abf00000)
  from space 512K, 0% used [0x00000007abf00000,0x00000007abf00000,0x00000007abf80000)
  to   space 512K, 0% used [0x00000007ac400000,0x00000007ac400000,0x00000007ac480000)
 ParOldGen       total 85504K, used 40634K [0x0000000700000000, 0x0000000705380000, 0x00000007aab00000)
  object space 85504K, 47% used [0x0000000700000000,0x00000007027ae820,0x0000000705380000)
 Metaspace       used 67820K, committed 69632K, reserved 1114112K
  class space    used 7177K, committed 7872K, reserved 1048576K
}

